0 info it worked if it ends with ok
1 verbose cli [ '/opt/boxen/nodenv/versions/v0.10.0/bin/node',
1 verbose cli   '/opt/boxen/nodenv/versions/v0.10.0/bin/npm',
1 verbose cli   'install',
1 verbose cli   '-g',
1 verbose cli   'api-doc' ]
2 info using npm@1.2.14
3 info using node@v0.10.0
4 verbose read json /opt/boxen/nodenv/versions/v0.10.0/lib/package.json
5 verbose read json /opt/boxen/nodenv/versions/v0.10.0/lib/package.json
6 verbose cache add [ 'api-doc', null ]
7 verbose cache add name=undefined spec="api-doc" args=["api-doc",null]
8 verbose parsed url { protocol: null,
8 verbose parsed url   slashes: null,
8 verbose parsed url   auth: null,
8 verbose parsed url   host: null,
8 verbose parsed url   port: null,
8 verbose parsed url   hostname: null,
8 verbose parsed url   hash: null,
8 verbose parsed url   search: null,
8 verbose parsed url   query: null,
8 verbose parsed url   pathname: 'api-doc',
8 verbose parsed url   path: 'api-doc',
8 verbose parsed url   href: 'api-doc' }
9 silly lockFile 9a4f9dbb-api-doc api-doc
10 verbose lock api-doc /Users/mmuehlberger/.npm/9a4f9dbb-api-doc.lock
11 silly lockFile 9a4f9dbb-api-doc api-doc
12 silly lockFile 9a4f9dbb-api-doc api-doc
13 verbose addNamed [ 'api-doc', '' ]
14 verbose addNamed [ null, '' ]
15 silly lockFile 728e4414-api-doc api-doc@
16 verbose lock api-doc@ /Users/mmuehlberger/.npm/728e4414-api-doc.lock
17 silly addNameRange { name: 'api-doc', range: '', hasData: false }
18 verbose url raw api-doc
19 verbose url resolving [ 'https://registry.npmjs.org/', './api-doc' ]
20 verbose url resolved https://registry.npmjs.org/api-doc
21 info trying registry request attempt 1 at 21:35:11
22 http GET https://registry.npmjs.org/api-doc
23 http 404 https://registry.npmjs.org/api-doc
24 silly registry.get cb [ 404,
24 silly registry.get   { server: 'CouchDB/1.3.0 (Erlang OTP/R15B03)',
24 silly registry.get     date: 'Sat, 15 Jun 2013 19:35:09 GMT',
24 silly registry.get     'content-type': 'application/json',
24 silly registry.get     'content-length': '52',
24 silly registry.get     'cache-control': 'must-revalidate' } ]
25 silly lockFile 728e4414-api-doc api-doc@
26 silly lockFile 728e4414-api-doc api-doc@
27 error 404 'api-doc' is not in the npm registry.
27 error 404 You should bug the author to publish it
27 error 404
27 error 404 Note that you can also install from a
27 error 404 tarball, folder, or http url, or git url.
28 error System Darwin 12.4.0
29 error command "/opt/boxen/nodenv/versions/v0.10.0/bin/node" "/opt/boxen/nodenv/versions/v0.10.0/bin/npm" "install" "-g" "api-doc"
30 error cwd /Users/mmuehlberger/src/dse2013/api-doc
31 error node -v v0.10.0
32 error npm -v 1.2.14
33 error code E404
34 verbose exit [ 1, true ]
